15:30:28:223  INFO 4996 --- [main] com.hmall.pay.PayApplication             : Starting PayApplication using Java 11.0.23 on DESKTOP-TNLG4SN with PID 4996 (D:\Project\资料\hmall\hm-pay-service\target\classes started by laoluo in D:\Project\资料\hmall)
15:30:28:225 DEBUG 4996 --- [main] com.hmall.pay.PayApplication             : Running with Spring Boot v2.7.12, Spring v5.3.27
15:30:28:225  INFO 4996 --- [main] com.hmall.pay.PayApplication             : The following 1 profile is active: "local"
15:30:29:048  INFO 4996 --- [main] o.s.cloud.context.scope.GenericScope     : BeanFactory id=d5374d62-8eec-3ebe-ba69-447c1acc2797
15:30:29:336  INFO 4996 --- [main] o.s.b.w.embedded.tomcat.TomcatWebServer  : Tomcat initialized with port(s): 8086 (http)
15:30:29:344  INFO 4996 --- [main] o.apache.catalina.core.StandardService   : Starting service [Tomcat]
15:30:29:345  INFO 4996 --- [main] org.apache.catalina.core.StandardEngine  : Starting Servlet engine: [Apache Tomcat/9.0.75]
15:30:29:448  INFO 4996 --- [main] o.a.c.c.C.[Tomcat].[localhost].[/]       : Initializing Spring embedded WebApplicationContext
15:30:29:448  INFO 4996 --- [main] w.s.c.ServletWebServerApplicationContext : Root WebApplicationContext: initialization completed in 1186 ms
15:30:29:601  INFO 4996 --- [main] o.s.c.openfeign.FeignClientFactoryBean   : For 'user-service' URL not provided. Will try picking an instance via load-balancing.
15:30:29:647  INFO 4996 --- [main] o.s.c.openfeign.FeignClientFactoryBean   : For 'trade-service' URL not provided. Will try picking an instance via load-balancing.
15:30:31:589  INFO 4996 --- [main] o.s.cloud.commons.util.InetUtils         : Cannot determine local hostname
15:30:31:615  INFO 4996 --- [main] pertySourcedRequestMappingHandlerMapping : Mapped URL path [/v2/api-docs] onto method [springfox.documentation.swagger2.web.Swagger2ControllerWebMvc#getDocumentation(String, HttpServletRequest)]
15:30:32:776  INFO 4996 --- [main] o.s.cloud.commons.util.InetUtils         : Cannot determine local hostname
15:30:32:918  INFO 4996 --- [main] com.alibaba.nacos.common.remote.client   : [RpcClientFactory] create a new rpc client of d4f7f57e-ff85-470d-a079-d02e91ff2f7e
15:30:32:955  INFO 4996 --- [main] org.reflections.Reflections              : Reflections took 20 ms to scan 1 urls, producing 3 keys and 6 values 
15:30:32:976  INFO 4996 --- [main] org.reflections.Reflections              : Reflections took 9 ms to scan 1 urls, producing 4 keys and 9 values 
15:30:32:986  INFO 4996 --- [main] org.reflections.Reflections              : Reflections took 7 ms to scan 1 urls, producing 3 keys and 10 values 
15:30:32:988  WARN 4996 --- [main] org.reflections.Reflections              : given scan urls are empty. set urls in the configuration
15:30:32:995  INFO 4996 --- [main] org.reflections.Reflections              : Reflections took 7 ms to scan 1 urls, producing 1 keys and 5 values 
15:30:33:003  INFO 4996 --- [main] org.reflections.Reflections              : Reflections took 7 ms to scan 1 urls, producing 1 keys and 7 values 
15:30:33:011  INFO 4996 --- [main] org.reflections.Reflections              : Reflections took 6 ms to scan 1 urls, producing 2 keys and 8 values 
15:30:33:013  WARN 4996 --- [main] org.reflections.Reflections              : given scan urls are empty. set urls in the configuration
15:30:33:015  INFO 4996 --- [main] com.alibaba.nacos.common.remote.client   : [d4f7f57e-ff85-470d-a079-d02e91ff2f7e] RpcClient init label, labels = {module=naming, source=sdk}
15:30:33:016  INFO 4996 --- [main] com.alibaba.nacos.common.remote.client   : [d4f7f57e-ff85-470d-a079-d02e91ff2f7e] RpcClient init, ServerListFactory = com.alibaba.nacos.client.naming.core.ServerListManager
15:30:33:016  INFO 4996 --- [main] com.alibaba.nacos.common.remote.client   : [d4f7f57e-ff85-470d-a079-d02e91ff2f7e] Registry connection listener to current client:com.alibaba.nacos.client.naming.remote.gprc.redo.NamingGrpcRedoService
15:30:33:017  INFO 4996 --- [main] com.alibaba.nacos.common.remote.client   : [d4f7f57e-ff85-470d-a079-d02e91ff2f7e] Register server push request handler:com.alibaba.nacos.client.naming.remote.gprc.NamingPushRequestHandler
15:30:33:018  INFO 4996 --- [main] com.alibaba.nacos.common.remote.client   : [d4f7f57e-ff85-470d-a079-d02e91ff2f7e] Try to connect to server on start up, server: {serverIp = '192.168.150.129', server main port = 8848}
15:30:33:938  INFO 4996 --- [main] com.alibaba.nacos.common.remote.client   : [d4f7f57e-ff85-470d-a079-d02e91ff2f7e] Success to connect to server [192.168.150.129:8848] on start up, connectionId = 1715499034140_192.168.150.1_3175
15:30:33:938  INFO 4996 --- [com.alibaba.nacos.client.remote.worker] com.alibaba.nacos.common.remote.client   : [d4f7f57e-ff85-470d-a079-d02e91ff2f7e] Notify connected event to listeners.
15:30:33:939  INFO 4996 --- [main] com.alibaba.nacos.common.remote.client   : [d4f7f57e-ff85-470d-a079-d02e91ff2f7e] Register server push request handler:com.alibaba.nacos.common.remote.client.RpcClient$ConnectResetRequestHandler
15:30:33:940  INFO 4996 --- [main] com.alibaba.nacos.common.remote.client   : [d4f7f57e-ff85-470d-a079-d02e91ff2f7e] Register server push request handler:com.alibaba.nacos.common.remote.client.RpcClient$$Lambda$976/0x000000080072fc40
15:30:33:990  INFO 4996 --- [main] o.s.b.w.embedded.tomcat.TomcatWebServer  : Tomcat started on port(s): 8086 (http) with context path ''
15:30:34:000  INFO 4996 --- [main] c.a.c.n.registry.NacosServiceRegistry    : nacos registry, DEFAULT_GROUP hm-pay-service 192.168.150.1:8086 register finished
15:30:34:549  INFO 4996 --- [nacos-grpc-client-executor-10] com.alibaba.nacos.common.remote.client   : [d4f7f57e-ff85-470d-a079-d02e91ff2f7e] Receive server push request, request = NotifySubscriberRequest, requestId = 22
15:30:34:552  INFO 4996 --- [nacos-grpc-client-executor-10] com.alibaba.nacos.common.remote.client   : [d4f7f57e-ff85-470d-a079-d02e91ff2f7e] Ack server push request, request = NotifySubscriberRequest, requestId = 22
15:30:35:132  INFO 4996 --- [main] o.s.cloud.commons.util.InetUtils         : Cannot determine local hostname
15:30:35:132  INFO 4996 --- [main] d.s.w.p.DocumentationPluginsBootstrapper : Documentation plugins bootstrapped
15:30:35:135  INFO 4996 --- [main] d.s.w.p.DocumentationPluginsBootstrapper : Found 1 custom documentation plugin(s)
15:30:35:160  INFO 4996 --- [main] s.d.s.w.s.ApiListingReferenceScanner     : Scanning for api listing references
15:30:35:254  INFO 4996 --- [main] com.hmall.pay.PayApplication             : Started PayApplication in 8.839 seconds (JVM running for 9.698)
15:30:55:091  INFO 4996 --- [http-nio-8086-exec-1] o.a.c.c.C.[Tomcat].[localhost].[/]       : Initializing Spring DispatcherServlet 'dispatcherServlet'
15:30:55:091  INFO 4996 --- [http-nio-8086-exec-1] o.s.web.servlet.DispatcherServlet        : Initializing Servlet 'dispatcherServlet'
15:30:55:093  INFO 4996 --- [http-nio-8086-exec-1] o.s.web.servlet.DispatcherServlet        : Completed initialization in 1 ms
15:31:40:790  WARN 4996 --- [Thread-7] c.a.n.common.http.HttpClientBeanHolder   : [HttpClientBeanHolder] Start destroying common HttpClient
15:31:40:790  WARN 4996 --- [Thread-4] c.a.nacos.common.notify.NotifyCenter     : [NotifyCenter] Start destroying Publisher
15:31:40:790  WARN 4996 --- [Thread-4] c.a.nacos.common.notify.NotifyCenter     : [NotifyCenter] Destruction of the end
15:31:40:791  WARN 4996 --- [Thread-7] c.a.n.common.http.HttpClientBeanHolder   : [HttpClientBeanHolder] Destruction of the end
15:31:40:891  INFO 4996 --- [SpringApplicationShutdownHook] c.a.c.n.registry.NacosServiceRegistry    : De-registering from Nacos Server now...
15:31:40:895  INFO 4996 --- [SpringApplicationShutdownHook] c.a.c.n.registry.NacosServiceRegistry    : De-registration finished.
15:31:41:204  INFO 4996 --- [SpringApplicationShutdownHook] com.alibaba.nacos.common.remote.client   : Shutdown rpc client, set status to shutdown
15:31:41:204  INFO 4996 --- [SpringApplicationShutdownHook] com.alibaba.nacos.common.remote.client   : Shutdown client event executor java.util.concurrent.ScheduledThreadPoolExecutor@26e6f450[Running, pool size = 2, active threads = 2, queued tasks = 0, completed tasks = 0]
15:31:41:204  INFO 4996 --- [SpringApplicationShutdownHook] com.alibaba.nacos.common.remote.client   : Close current connection 1715499034140_192.168.150.1_3175
15:31:41:206  INFO 4996 --- [nacos-grpc-client-executor-28] c.a.n.c.remote.client.grpc.GrpcClient    : [1715499034140_192.168.150.1_3175]Ignore complete event,isRunning:false,isAbandon=false
15:31:41:210  INFO 4996 --- [SpringApplicationShutdownHook] c.a.n.c.remote.client.grpc.GrpcClient    : Shutdown grpc executor java.util.concurrent.ThreadPoolExecutor@54cd869b[Running, pool size = 5, active threads = 0, queued tasks = 0, completed tasks = 29]
15:31:47:897  INFO 7016 --- [main] com.hmall.pay.PayApplication             : Starting PayApplication using Java 11.0.23 on DESKTOP-TNLG4SN with PID 7016 (D:\Project\资料\hmall\hm-pay-service\target\classes started by laoluo in D:\Project\资料\hmall)
15:31:47:899 DEBUG 7016 --- [main] com.hmall.pay.PayApplication             : Running with Spring Boot v2.7.12, Spring v5.3.27
15:31:47:899  INFO 7016 --- [main] com.hmall.pay.PayApplication             : The following 1 profile is active: "local"
15:31:48:916  INFO 7016 --- [main] o.s.cloud.context.scope.GenericScope     : BeanFactory id=d5374d62-8eec-3ebe-ba69-447c1acc2797
15:31:49:210  INFO 7016 --- [main] o.s.b.w.embedded.tomcat.TomcatWebServer  : Tomcat initialized with port(s): 8086 (http)
15:31:49:218  INFO 7016 --- [main] o.apache.catalina.core.StandardService   : Starting service [Tomcat]
15:31:49:218  INFO 7016 --- [main] org.apache.catalina.core.StandardEngine  : Starting Servlet engine: [Apache Tomcat/9.0.75]
15:31:49:325  INFO 7016 --- [main] o.a.c.c.C.[Tomcat].[localhost].[/]       : Initializing Spring embedded WebApplicationContext
15:31:49:325  INFO 7016 --- [main] w.s.c.ServletWebServerApplicationContext : Root WebApplicationContext: initialization completed in 1388 ms
15:31:49:492  INFO 7016 --- [main] o.s.c.openfeign.FeignClientFactoryBean   : For 'user-service' URL not provided. Will try picking an instance via load-balancing.
15:31:49:536  INFO 7016 --- [main] o.s.c.openfeign.FeignClientFactoryBean   : For 'trade-service' URL not provided. Will try picking an instance via load-balancing.
15:31:51:516  INFO 7016 --- [main] o.s.cloud.commons.util.InetUtils         : Cannot determine local hostname
15:31:51:538  INFO 7016 --- [main] pertySourcedRequestMappingHandlerMapping : Mapped URL path [/v2/api-docs] onto method [springfox.documentation.swagger2.web.Swagger2ControllerWebMvc#getDocumentation(String, HttpServletRequest)]
15:31:52:728  INFO 7016 --- [main] o.s.cloud.commons.util.InetUtils         : Cannot determine local hostname
15:31:52:881  INFO 7016 --- [main] com.alibaba.nacos.common.remote.client   : [RpcClientFactory] create a new rpc client of 6e6b1e9c-4b24-470b-ac2a-3f8884f19db6
15:31:52:921  INFO 7016 --- [main] org.reflections.Reflections              : Reflections took 19 ms to scan 1 urls, producing 3 keys and 6 values 
15:31:52:944  INFO 7016 --- [main] org.reflections.Reflections              : Reflections took 10 ms to scan 1 urls, producing 4 keys and 9 values 
15:31:52:953  INFO 7016 --- [main] org.reflections.Reflections              : Reflections took 7 ms to scan 1 urls, producing 3 keys and 10 values 
15:31:52:956  WARN 7016 --- [main] org.reflections.Reflections              : given scan urls are empty. set urls in the configuration
15:31:52:963  INFO 7016 --- [main] org.reflections.Reflections              : Reflections took 7 ms to scan 1 urls, producing 1 keys and 5 values 
15:31:52:972  INFO 7016 --- [main] org.reflections.Reflections              : Reflections took 7 ms to scan 1 urls, producing 1 keys and 7 values 
15:31:52:982  INFO 7016 --- [main] org.reflections.Reflections              : Reflections took 8 ms to scan 1 urls, producing 2 keys and 8 values 
15:31:52:984  WARN 7016 --- [main] org.reflections.Reflections              : given scan urls are empty. set urls in the configuration
15:31:52:984  INFO 7016 --- [main] com.alibaba.nacos.common.remote.client   : [6e6b1e9c-4b24-470b-ac2a-3f8884f19db6] RpcClient init label, labels = {module=naming, source=sdk}
15:31:52:987  INFO 7016 --- [main] com.alibaba.nacos.common.remote.client   : [6e6b1e9c-4b24-470b-ac2a-3f8884f19db6] RpcClient init, ServerListFactory = com.alibaba.nacos.client.naming.core.ServerListManager
15:31:52:987  INFO 7016 --- [main] com.alibaba.nacos.common.remote.client   : [6e6b1e9c-4b24-470b-ac2a-3f8884f19db6] Registry connection listener to current client:com.alibaba.nacos.client.naming.remote.gprc.redo.NamingGrpcRedoService
15:31:52:988  INFO 7016 --- [main] com.alibaba.nacos.common.remote.client   : [6e6b1e9c-4b24-470b-ac2a-3f8884f19db6] Register server push request handler:com.alibaba.nacos.client.naming.remote.gprc.NamingPushRequestHandler
15:31:52:989  INFO 7016 --- [main] com.alibaba.nacos.common.remote.client   : [6e6b1e9c-4b24-470b-ac2a-3f8884f19db6] Try to connect to server on start up, server: {serverIp = '192.168.150.129', server main port = 8848}
15:31:53:960  INFO 7016 --- [main] com.alibaba.nacos.common.remote.client   : [6e6b1e9c-4b24-470b-ac2a-3f8884f19db6] Success to connect to server [192.168.150.129:8848] on start up, connectionId = 1715499114158_192.168.150.1_3367
15:31:53:960  INFO 7016 --- [com.alibaba.nacos.client.remote.worker] com.alibaba.nacos.common.remote.client   : [6e6b1e9c-4b24-470b-ac2a-3f8884f19db6] Notify connected event to listeners.
15:31:53:961  INFO 7016 --- [main] com.alibaba.nacos.common.remote.client   : [6e6b1e9c-4b24-470b-ac2a-3f8884f19db6] Register server push request handler:com.alibaba.nacos.common.remote.client.RpcClient$ConnectResetRequestHandler
15:31:53:961  INFO 7016 --- [main] com.alibaba.nacos.common.remote.client   : [6e6b1e9c-4b24-470b-ac2a-3f8884f19db6] Register server push request handler:com.alibaba.nacos.common.remote.client.RpcClient$$Lambda$976/0x000000080072f040
15:31:54:004  INFO 7016 --- [main] o.s.b.w.embedded.tomcat.TomcatWebServer  : Tomcat started on port(s): 8086 (http) with context path ''
15:31:54:012  INFO 7016 --- [main] c.a.c.n.registry.NacosServiceRegistry    : nacos registry, DEFAULT_GROUP hm-pay-service 192.168.150.1:8086 register finished
15:31:54:498  INFO 7016 --- [nacos-grpc-client-executor-10] com.alibaba.nacos.common.remote.client   : [6e6b1e9c-4b24-470b-ac2a-3f8884f19db6] Receive server push request, request = NotifySubscriberRequest, requestId = 23
15:31:54:500  INFO 7016 --- [nacos-grpc-client-executor-10] com.alibaba.nacos.common.remote.client   : [6e6b1e9c-4b24-470b-ac2a-3f8884f19db6] Ack server push request, request = NotifySubscriberRequest, requestId = 23
15:31:55:126  INFO 7016 --- [main] o.s.cloud.commons.util.InetUtils         : Cannot determine local hostname
15:31:55:126  INFO 7016 --- [main] d.s.w.p.DocumentationPluginsBootstrapper : Documentation plugins bootstrapped
15:31:55:130  INFO 7016 --- [main] d.s.w.p.DocumentationPluginsBootstrapper : Found 1 custom documentation plugin(s)
15:31:55:150  INFO 7016 --- [main] s.d.s.w.s.ApiListingReferenceScanner     : Scanning for api listing references
15:31:55:242  INFO 7016 --- [main] com.hmall.pay.PayApplication             : Started PayApplication in 9.004 seconds (JVM running for 9.746)
15:32:25:016  INFO 7016 --- [http-nio-8086-exec-1] o.a.c.c.C.[Tomcat].[localhost].[/]       : Initializing Spring DispatcherServlet 'dispatcherServlet'
15:32:25:017  INFO 7016 --- [http-nio-8086-exec-1] o.s.web.servlet.DispatcherServlet        : Initializing Servlet 'dispatcherServlet'
15:32:25:018  INFO 7016 --- [http-nio-8086-exec-1] o.s.web.servlet.DispatcherServlet        : Completed initialization in 1 ms
15:32:28:780  INFO 7016 --- [http-nio-8086-exec-4] com.zaxxer.hikari.HikariDataSource       : HikariPool-1 - Starting...
15:32:28:981  INFO 7016 --- [http-nio-8086-exec-4] com.zaxxer.hikari.HikariDataSource       : HikariPool-1 - Start completed.
15:32:28:987 DEBUG 7016 --- [http-nio-8086-exec-4] c.h.p.mapper.PayOrderMapper.selectList   : ==>  Preparing: SELECT id,biz_order_no,pay_order_no,biz_user_id,pay_channel_code,amount,pay_type,status,expand_json,result_code,result_msg,pay_success_time,pay_over_time,qr_code_url,create_time,update_time,creater,updater,is_delete FROM pay_order
15:32:29:007 DEBUG 7016 --- [http-nio-8086-exec-4] c.h.p.mapper.PayOrderMapper.selectList   : ==> Parameters: 
15:32:29:027 DEBUG 7016 --- [http-nio-8086-exec-4] c.h.p.mapper.PayOrderMapper.selectList   : <==      Total: 2
16:11:18:977 DEBUG 7016 --- [http-nio-8086-exec-7] c.h.p.mapper.PayOrderMapper.selectList   : ==>  Preparing: SELECT id,biz_order_no,pay_order_no,biz_user_id,pay_channel_code,amount,pay_type,status,expand_json,result_code,result_msg,pay_success_time,pay_over_time,qr_code_url,create_time,update_time,creater,updater,is_delete FROM pay_order
16:11:18:977 DEBUG 7016 --- [http-nio-8086-exec-7] c.h.p.mapper.PayOrderMapper.selectList   : ==> Parameters: 
16:11:18:982 DEBUG 7016 --- [http-nio-8086-exec-7] c.h.p.mapper.PayOrderMapper.selectList   : <==      Total: 2
16:11:19:750 DEBUG 7016 --- [http-nio-8086-exec-8] c.h.p.mapper.PayOrderMapper.selectList   : ==>  Preparing: SELECT id,biz_order_no,pay_order_no,biz_user_id,pay_channel_code,amount,pay_type,status,expand_json,result_code,result_msg,pay_success_time,pay_over_time,qr_code_url,create_time,update_time,creater,updater,is_delete FROM pay_order
16:11:19:751 DEBUG 7016 --- [http-nio-8086-exec-8] c.h.p.mapper.PayOrderMapper.selectList   : ==> Parameters: 
16:11:19:753 DEBUG 7016 --- [http-nio-8086-exec-8] c.h.p.mapper.PayOrderMapper.selectList   : <==      Total: 2
16:11:20:437 DEBUG 7016 --- [http-nio-8086-exec-9] c.h.p.mapper.PayOrderMapper.selectList   : ==>  Preparing: SELECT id,biz_order_no,pay_order_no,biz_user_id,pay_channel_code,amount,pay_type,status,expand_json,result_code,result_msg,pay_success_time,pay_over_time,qr_code_url,create_time,update_time,creater,updater,is_delete FROM pay_order
16:11:20:437 DEBUG 7016 --- [http-nio-8086-exec-9] c.h.p.mapper.PayOrderMapper.selectList   : ==> Parameters: 
16:11:20:439 DEBUG 7016 --- [http-nio-8086-exec-9] c.h.p.mapper.PayOrderMapper.selectList   : <==      Total: 2
17:04:37:068  WARN 7016 --- [Thread-7] c.a.n.common.http.HttpClientBeanHolder   : [HttpClientBeanHolder] Start destroying common HttpClient
17:04:37:071  WARN 7016 --- [Thread-4] c.a.nacos.common.notify.NotifyCenter     : [NotifyCenter] Start destroying Publisher
17:04:37:079  WARN 7016 --- [Thread-4] c.a.nacos.common.notify.NotifyCenter     : [NotifyCenter] Destruction of the end
17:04:37:084  WARN 7016 --- [Thread-7] c.a.n.common.http.HttpClientBeanHolder   : [HttpClientBeanHolder] Destruction of the end
17:04:37:413  INFO 7016 --- [SpringApplicationShutdownHook] c.a.c.n.registry.NacosServiceRegistry    : De-registering from Nacos Server now...
17:04:37:417  INFO 7016 --- [SpringApplicationShutdownHook] c.a.c.n.registry.NacosServiceRegistry    : De-registration finished.
17:04:37:728  INFO 7016 --- [SpringApplicationShutdownHook] com.alibaba.nacos.common.remote.client   : Shutdown rpc client, set status to shutdown
17:04:37:728  INFO 7016 --- [SpringApplicationShutdownHook] com.alibaba.nacos.common.remote.client   : Shutdown client event executor java.util.concurrent.ScheduledThreadPoolExecutor@1c24a916[Running, pool size = 2, active threads = 2, queued tasks = 0, completed tasks = 0]
17:04:37:728  INFO 7016 --- [SpringApplicationShutdownHook] com.alibaba.nacos.common.remote.client   : Close current connection 1715499114158_192.168.150.1_3367
17:04:37:730  INFO 7016 --- [nacos-grpc-client-executor-1139] c.a.n.c.remote.client.grpc.GrpcClient    : [1715499114158_192.168.150.1_3367]Ignore complete event,isRunning:false,isAbandon=false
17:04:37:742  INFO 7016 --- [SpringApplicationShutdownHook] c.a.n.c.remote.client.grpc.GrpcClient    : Shutdown grpc executor java.util.concurrent.ThreadPoolExecutor@6dace60a[Running, pool size = 4, active threads = 0, queued tasks = 0, completed tasks = 1140]
17:04:37:753  INFO 7016 --- [SpringApplicationShutdownHook] com.zaxxer.hikari.HikariDataSource       : HikariPool-1 - Shutdown initiated...
17:04:37:772  INFO 7016 --- [SpringApplicationShutdownHook] com.zaxxer.hikari.HikariDataSource       : HikariPool-1 - Shutdown completed.
