15:15:58:168  INFO 18244 --- [main] com.hmall.trade.TradeApplication         : Starting TradeApplication using Java 11.0.23 on DESKTOP-TNLG4SN with PID 18244 (D:\Project\资料\hmall\hm-trade-service\target\classes started by laoluo in D:\Project\资料\hmall)
15:15:58:170 DEBUG 18244 --- [main] com.hmall.trade.TradeApplication         : Running with Spring Boot v2.7.12, Spring v5.3.27
15:15:58:170  INFO 18244 --- [main] com.hmall.trade.TradeApplication         : The following 1 profile is active: "local"
15:15:58:999  INFO 18244 --- [main] o.s.cloud.context.scope.GenericScope     : BeanFactory id=79013653-7a61-32ad-9185-2d897c2e3e71
15:15:59:277  INFO 18244 --- [main] o.s.b.w.embedded.tomcat.TomcatWebServer  : Tomcat initialized with port(s): 8080 (http)
15:15:59:286  INFO 18244 --- [main] o.apache.catalina.core.StandardService   : Starting service [Tomcat]
15:15:59:286  INFO 18244 --- [main] org.apache.catalina.core.StandardEngine  : Starting Servlet engine: [Apache Tomcat/9.0.75]
15:15:59:389  INFO 18244 --- [main] o.a.c.c.C.[Tomcat].[localhost].[/]       : Initializing Spring embedded WebApplicationContext
15:15:59:389  INFO 18244 --- [main] w.s.c.ServletWebServerApplicationContext : Root WebApplicationContext: initialization completed in 1181 ms
15:15:59:539  INFO 18244 --- [main] o.s.c.openfeign.FeignClientFactoryBean   : For 'hm-item-service' URL not provided. Will try picking an instance via load-balancing.
15:16:00:115  INFO 18244 --- [main] o.s.c.openfeign.FeignClientFactoryBean   : For 'cart-service' URL not provided. Will try picking an instance via load-balancing.
15:16:01:595  INFO 18244 --- [main] o.s.cloud.commons.util.InetUtils         : Cannot determine local hostname
15:16:01:632  INFO 18244 --- [main] pertySourcedRequestMappingHandlerMapping : Mapped URL path [/v2/api-docs] onto method [springfox.documentation.swagger2.web.Swagger2ControllerWebMvc#getDocumentation(String, HttpServletRequest)]
15:16:02:834  INFO 18244 --- [main] o.s.cloud.commons.util.InetUtils         : Cannot determine local hostname
15:16:02:988  INFO 18244 --- [main] com.alibaba.nacos.common.remote.client   : [RpcClientFactory] create a new rpc client of b6e3f00f-90d8-4ca6-b44c-d950a6a17a05
15:16:03:024  INFO 18244 --- [main] org.reflections.Reflections              : Reflections took 18 ms to scan 1 urls, producing 3 keys and 6 values 
15:16:03:047  INFO 18244 --- [main] org.reflections.Reflections              : Reflections took 8 ms to scan 1 urls, producing 4 keys and 9 values 
15:16:03:056  INFO 18244 --- [main] org.reflections.Reflections              : Reflections took 6 ms to scan 1 urls, producing 3 keys and 10 values 
15:16:03:059  WARN 18244 --- [main] org.reflections.Reflections              : given scan urls are empty. set urls in the configuration
15:16:03:067  INFO 18244 --- [main] org.reflections.Reflections              : Reflections took 7 ms to scan 1 urls, producing 1 keys and 5 values 
15:16:03:076  INFO 18244 --- [main] org.reflections.Reflections              : Reflections took 7 ms to scan 1 urls, producing 1 keys and 7 values 
15:16:03:085  INFO 18244 --- [main] org.reflections.Reflections              : Reflections took 7 ms to scan 1 urls, producing 2 keys and 8 values 
15:16:03:088  WARN 18244 --- [main] org.reflections.Reflections              : given scan urls are empty. set urls in the configuration
15:16:03:089  INFO 18244 --- [main] com.alibaba.nacos.common.remote.client   : [b6e3f00f-90d8-4ca6-b44c-d950a6a17a05] RpcClient init label, labels = {module=naming, source=sdk}
15:16:03:091  INFO 18244 --- [main] com.alibaba.nacos.common.remote.client   : [b6e3f00f-90d8-4ca6-b44c-d950a6a17a05] RpcClient init, ServerListFactory = com.alibaba.nacos.client.naming.core.ServerListManager
15:16:03:091  INFO 18244 --- [main] com.alibaba.nacos.common.remote.client   : [b6e3f00f-90d8-4ca6-b44c-d950a6a17a05] Registry connection listener to current client:com.alibaba.nacos.client.naming.remote.gprc.redo.NamingGrpcRedoService
15:16:03:092  INFO 18244 --- [main] com.alibaba.nacos.common.remote.client   : [b6e3f00f-90d8-4ca6-b44c-d950a6a17a05] Register server push request handler:com.alibaba.nacos.client.naming.remote.gprc.NamingPushRequestHandler
15:16:03:094  INFO 18244 --- [main] com.alibaba.nacos.common.remote.client   : [b6e3f00f-90d8-4ca6-b44c-d950a6a17a05] Try to connect to server on start up, server: {serverIp = '192.168.150.129', server main port = 8848}
15:16:04:147  INFO 18244 --- [main] com.alibaba.nacos.common.remote.client   : [b6e3f00f-90d8-4ca6-b44c-d950a6a17a05] Success to connect to server [192.168.150.129:8848] on start up, connectionId = 1715498164351_192.168.150.1_1911
15:16:04:147  INFO 18244 --- [com.alibaba.nacos.client.remote.worker] com.alibaba.nacos.common.remote.client   : [b6e3f00f-90d8-4ca6-b44c-d950a6a17a05] Notify connected event to listeners.
15:16:04:148  INFO 18244 --- [main] com.alibaba.nacos.common.remote.client   : [b6e3f00f-90d8-4ca6-b44c-d950a6a17a05] Register server push request handler:com.alibaba.nacos.common.remote.client.RpcClient$ConnectResetRequestHandler
15:16:04:149  INFO 18244 --- [main] com.alibaba.nacos.common.remote.client   : [b6e3f00f-90d8-4ca6-b44c-d950a6a17a05] Register server push request handler:com.alibaba.nacos.common.remote.client.RpcClient$$Lambda$974/0x0000000800737040
15:16:04:203  WARN 18244 --- [main] ConfigServletWebServerApplicationContext : Exception encountered during context initialization - cancelling refresh attempt: org.springframework.context.ApplicationContextException: Failed to start bean 'webServerStartStop'; nested exception is org.springframework.boot.web.server.PortInUseException: Port 8080 is already in use
15:16:04:708  INFO 18244 --- [nacos-grpc-client-executor-6] com.alibaba.nacos.common.remote.client   : [b6e3f00f-90d8-4ca6-b44c-d950a6a17a05] Receive server push request, request = NotifySubscriberRequest, requestId = 20
15:16:04:709  INFO 18244 --- [nacos-grpc-client-executor-6] com.alibaba.nacos.common.remote.client   : [b6e3f00f-90d8-4ca6-b44c-d950a6a17a05] Ack server push request, request = NotifySubscriberRequest, requestId = 20
15:16:04:817  INFO 18244 --- [main] com.alibaba.nacos.common.remote.client   : Shutdown rpc client, set status to shutdown
15:16:04:818  INFO 18244 --- [main] com.alibaba.nacos.common.remote.client   : Shutdown client event executor java.util.concurrent.ScheduledThreadPoolExecutor@1978b0d5[Running, pool size = 2, active threads = 2, queued tasks = 0, completed tasks = 0]
15:16:04:818  INFO 18244 --- [main] com.alibaba.nacos.common.remote.client   : Close current connection 1715498164351_192.168.150.1_1911
15:16:04:819  INFO 18244 --- [nacos-grpc-client-executor-7] c.a.n.c.remote.client.grpc.GrpcClient    : [1715498164351_192.168.150.1_1911]Ignore complete event,isRunning:false,isAbandon=false
15:16:04:822  INFO 18244 --- [main] c.a.n.c.remote.client.grpc.GrpcClient    : Shutdown grpc executor java.util.concurrent.ThreadPoolExecutor@7e8783b0[Running, pool size = 8, active threads = 0, queued tasks = 0, completed tasks = 8]
15:16:04:823  INFO 18244 --- [main] com.alibaba.nacos.common.remote.client   : [RpcClientFactory] create a new rpc client of b776a09f-f5f1-4c9a-a8a3-0fc3e1e287fe
15:16:04:824  INFO 18244 --- [main] com.alibaba.nacos.common.remote.client   : [b776a09f-f5f1-4c9a-a8a3-0fc3e1e287fe] RpcClient init label, labels = {module=naming, source=sdk}
15:16:04:824  INFO 18244 --- [main] com.alibaba.nacos.common.remote.client   : [b776a09f-f5f1-4c9a-a8a3-0fc3e1e287fe] RpcClient init, ServerListFactory = com.alibaba.nacos.client.naming.core.ServerListManager
15:16:04:824  INFO 18244 --- [main] com.alibaba.nacos.common.remote.client   : [b776a09f-f5f1-4c9a-a8a3-0fc3e1e287fe] Registry connection listener to current client:com.alibaba.nacos.client.naming.remote.gprc.redo.NamingGrpcRedoService
15:16:04:824  INFO 18244 --- [main] com.alibaba.nacos.common.remote.client   : [b776a09f-f5f1-4c9a-a8a3-0fc3e1e287fe] Register server push request handler:com.alibaba.nacos.client.naming.remote.gprc.NamingPushRequestHandler
15:16:04:825  INFO 18244 --- [main] com.alibaba.nacos.common.remote.client   : [b776a09f-f5f1-4c9a-a8a3-0fc3e1e287fe] Try to connect to server on start up, server: {serverIp = '192.168.150.129', server main port = 8848}
15:16:04:945  INFO 18244 --- [main] com.alibaba.nacos.common.remote.client   : [b776a09f-f5f1-4c9a-a8a3-0fc3e1e287fe] Success to connect to server [192.168.150.129:8848] on start up, connectionId = 1715498165223_192.168.150.1_1915
15:16:04:945  INFO 18244 --- [main] com.alibaba.nacos.common.remote.client   : [b776a09f-f5f1-4c9a-a8a3-0fc3e1e287fe] Register server push request handler:com.alibaba.nacos.common.remote.client.RpcClient$ConnectResetRequestHandler
15:16:04:945  INFO 18244 --- [com.alibaba.nacos.client.remote.worker] com.alibaba.nacos.common.remote.client   : [b776a09f-f5f1-4c9a-a8a3-0fc3e1e287fe] Notify connected event to listeners.
15:16:04:945  INFO 18244 --- [main] com.alibaba.nacos.common.remote.client   : [b776a09f-f5f1-4c9a-a8a3-0fc3e1e287fe] Register server push request handler:com.alibaba.nacos.common.remote.client.RpcClient$$Lambda$974/0x0000000800737040
15:16:04:955  INFO 18244 --- [main] o.apache.catalina.core.StandardService   : Stopping service [Tomcat]
15:16:04:969  INFO 18244 --- [main] ConditionEvaluationReportLoggingListener : 

Error starting ApplicationContext. To display the conditions report re-run your application with 'debug' enabled.
15:16:04:988 ERROR 18244 --- [main] o.s.b.d.LoggingFailureAnalysisReporter   : 

***************************
APPLICATION FAILED TO START
***************************

Description:

Web server failed to start. Port 8080 was already in use.

Action:

Identify and stop the process that's listening on port 8080 or configure this application to listen on another port.

15:16:04:990  WARN 18244 --- [Thread-4] c.a.nacos.common.notify.NotifyCenter     : [NotifyCenter] Start destroying Publisher
15:16:04:990  WARN 18244 --- [Thread-7] c.a.n.common.http.HttpClientBeanHolder   : [HttpClientBeanHolder] Start destroying common HttpClient
15:16:04:990  WARN 18244 --- [Thread-4] c.a.nacos.common.notify.NotifyCenter     : [NotifyCenter] Destruction of the end
15:16:04:991  WARN 18244 --- [Thread-7] c.a.n.common.http.HttpClientBeanHolder   : [HttpClientBeanHolder] Destruction of the end
15:16:35:084  INFO 4528 --- [main] com.hmall.trade.TradeApplication         : Starting TradeApplication using Java 11.0.23 on DESKTOP-TNLG4SN with PID 4528 (D:\Project\资料\hmall\hm-trade-service\target\classes started by laoluo in D:\Project\资料\hmall)
15:16:35:086 DEBUG 4528 --- [main] com.hmall.trade.TradeApplication         : Running with Spring Boot v2.7.12, Spring v5.3.27
15:16:35:087  INFO 4528 --- [main] com.hmall.trade.TradeApplication         : The following 1 profile is active: "local"
15:16:36:061  INFO 4528 --- [main] o.s.cloud.context.scope.GenericScope     : BeanFactory id=79013653-7a61-32ad-9185-2d897c2e3e71
15:16:36:353  INFO 4528 --- [main] o.s.b.w.embedded.tomcat.TomcatWebServer  : Tomcat initialized with port(s): 8085 (http)
15:16:36:360  INFO 4528 --- [main] o.apache.catalina.core.StandardService   : Starting service [Tomcat]
15:16:36:360  INFO 4528 --- [main] org.apache.catalina.core.StandardEngine  : Starting Servlet engine: [Apache Tomcat/9.0.75]
15:16:36:458  INFO 4528 --- [main] o.a.c.c.C.[Tomcat].[localhost].[/]       : Initializing Spring embedded WebApplicationContext
15:16:36:458  INFO 4528 --- [main] w.s.c.ServletWebServerApplicationContext : Root WebApplicationContext: initialization completed in 1323 ms
15:16:36:613  INFO 4528 --- [main] o.s.c.openfeign.FeignClientFactoryBean   : For 'hm-item-service' URL not provided. Will try picking an instance via load-balancing.
15:16:37:169  INFO 4528 --- [main] o.s.c.openfeign.FeignClientFactoryBean   : For 'cart-service' URL not provided. Will try picking an instance via load-balancing.
15:16:38:652  INFO 4528 --- [main] o.s.cloud.commons.util.InetUtils         : Cannot determine local hostname
15:16:38:674  INFO 4528 --- [main] pertySourcedRequestMappingHandlerMapping : Mapped URL path [/v2/api-docs] onto method [springfox.documentation.swagger2.web.Swagger2ControllerWebMvc#getDocumentation(String, HttpServletRequest)]
15:16:39:830  INFO 4528 --- [main] o.s.cloud.commons.util.InetUtils         : Cannot determine local hostname
15:16:39:954  INFO 4528 --- [main] com.alibaba.nacos.common.remote.client   : [RpcClientFactory] create a new rpc client of 451e00e7-ec57-459c-a96f-cc30d52e9774
15:16:39:988  INFO 4528 --- [main] org.reflections.Reflections              : Reflections took 19 ms to scan 1 urls, producing 3 keys and 6 values 
15:16:40:009  INFO 4528 --- [main] org.reflections.Reflections              : Reflections took 8 ms to scan 1 urls, producing 4 keys and 9 values 
15:16:40:018  INFO 4528 --- [main] org.reflections.Reflections              : Reflections took 7 ms to scan 1 urls, producing 3 keys and 10 values 
15:16:40:020  WARN 4528 --- [main] org.reflections.Reflections              : given scan urls are empty. set urls in the configuration
15:16:40:028  INFO 4528 --- [main] org.reflections.Reflections              : Reflections took 6 ms to scan 1 urls, producing 1 keys and 5 values 
15:16:40:037  INFO 4528 --- [main] org.reflections.Reflections              : Reflections took 8 ms to scan 1 urls, producing 1 keys and 7 values 
15:16:40:047  INFO 4528 --- [main] org.reflections.Reflections              : Reflections took 7 ms to scan 1 urls, producing 2 keys and 8 values 
15:16:40:049  WARN 4528 --- [main] org.reflections.Reflections              : given scan urls are empty. set urls in the configuration
15:16:40:050  INFO 4528 --- [main] com.alibaba.nacos.common.remote.client   : [451e00e7-ec57-459c-a96f-cc30d52e9774] RpcClient init label, labels = {module=naming, source=sdk}
15:16:40:052  INFO 4528 --- [main] com.alibaba.nacos.common.remote.client   : [451e00e7-ec57-459c-a96f-cc30d52e9774] RpcClient init, ServerListFactory = com.alibaba.nacos.client.naming.core.ServerListManager
15:16:40:052  INFO 4528 --- [main] com.alibaba.nacos.common.remote.client   : [451e00e7-ec57-459c-a96f-cc30d52e9774] Registry connection listener to current client:com.alibaba.nacos.client.naming.remote.gprc.redo.NamingGrpcRedoService
15:16:40:053  INFO 4528 --- [main] com.alibaba.nacos.common.remote.client   : [451e00e7-ec57-459c-a96f-cc30d52e9774] Register server push request handler:com.alibaba.nacos.client.naming.remote.gprc.NamingPushRequestHandler
15:16:40:055  INFO 4528 --- [main] com.alibaba.nacos.common.remote.client   : [451e00e7-ec57-459c-a96f-cc30d52e9774] Try to connect to server on start up, server: {serverIp = '192.168.150.129', server main port = 8848}
15:16:40:901  INFO 4528 --- [main] com.alibaba.nacos.common.remote.client   : [451e00e7-ec57-459c-a96f-cc30d52e9774] Success to connect to server [192.168.150.129:8848] on start up, connectionId = 1715498201106_192.168.150.1_1985
15:16:40:901  INFO 4528 --- [com.alibaba.nacos.client.remote.worker] com.alibaba.nacos.common.remote.client   : [451e00e7-ec57-459c-a96f-cc30d52e9774] Notify connected event to listeners.
15:16:40:902  INFO 4528 --- [main] com.alibaba.nacos.common.remote.client   : [451e00e7-ec57-459c-a96f-cc30d52e9774] Register server push request handler:com.alibaba.nacos.common.remote.client.RpcClient$ConnectResetRequestHandler
15:16:40:902  INFO 4528 --- [main] com.alibaba.nacos.common.remote.client   : [451e00e7-ec57-459c-a96f-cc30d52e9774] Register server push request handler:com.alibaba.nacos.common.remote.client.RpcClient$$Lambda$974/0x0000000800737040
15:16:40:946  INFO 4528 --- [main] o.s.b.w.embedded.tomcat.TomcatWebServer  : Tomcat started on port(s): 8085 (http) with context path ''
15:16:40:955  INFO 4528 --- [main] c.a.c.n.registry.NacosServiceRegistry    : nacos registry, DEFAULT_GROUP hm-trade-service 192.168.150.1:8085 register finished
15:16:41:487  INFO 4528 --- [nacos-grpc-client-executor-9] com.alibaba.nacos.common.remote.client   : [451e00e7-ec57-459c-a96f-cc30d52e9774] Receive server push request, request = NotifySubscriberRequest, requestId = 21
15:16:41:490  INFO 4528 --- [nacos-grpc-client-executor-9] com.alibaba.nacos.common.remote.client   : [451e00e7-ec57-459c-a96f-cc30d52e9774] Ack server push request, request = NotifySubscriberRequest, requestId = 21
15:16:42:069  INFO 4528 --- [main] o.s.cloud.commons.util.InetUtils         : Cannot determine local hostname
15:16:42:069  INFO 4528 --- [main] d.s.w.p.DocumentationPluginsBootstrapper : Documentation plugins bootstrapped
15:16:42:071  INFO 4528 --- [main] d.s.w.p.DocumentationPluginsBootstrapper : Found 1 custom documentation plugin(s)
15:16:42:090  INFO 4528 --- [main] s.d.s.w.s.ApiListingReferenceScanner     : Scanning for api listing references
15:16:42:162  INFO 4528 --- [main] com.hmall.trade.TradeApplication         : Started TradeApplication in 8.716 seconds (JVM running for 9.381)
15:31:56:529  INFO 4528 --- [http-nio-8085-exec-1] o.a.c.c.C.[Tomcat].[localhost].[/]       : Initializing Spring DispatcherServlet 'dispatcherServlet'
15:31:56:530  INFO 4528 --- [http-nio-8085-exec-1] o.s.web.servlet.DispatcherServlet        : Initializing Servlet 'dispatcherServlet'
15:31:56:531  INFO 4528 --- [http-nio-8085-exec-1] o.s.web.servlet.DispatcherServlet        : Completed initialization in 1 ms
15:32:04:632  INFO 4528 --- [http-nio-8085-exec-8] com.zaxxer.hikari.HikariDataSource       : HikariPool-1 - Starting...
15:32:04:921  INFO 4528 --- [http-nio-8085-exec-8] com.zaxxer.hikari.HikariDataSource       : HikariPool-1 - Start completed.
15:32:04:926 DEBUG 4528 --- [http-nio-8085-exec-8] c.h.trade.mapper.OrderMapper.selectById  : ==>  Preparing: SELECT id,total_fee,payment_type,user_id,status,create_time,pay_time,consign_time,end_time,close_time,comment_time,update_time FROM `order` WHERE id=?
15:32:04:946 DEBUG 4528 --- [http-nio-8085-exec-8] c.h.trade.mapper.OrderMapper.selectById  : ==> Parameters: 1654779387523936258(Long)
15:32:04:975 DEBUG 4528 --- [http-nio-8085-exec-8] c.h.trade.mapper.OrderMapper.selectById  : <==      Total: 1
16:11:09:840 DEBUG 4528 --- [http-nio-8085-exec-5] c.h.trade.mapper.OrderMapper.selectById  : ==>  Preparing: SELECT id,total_fee,payment_type,user_id,status,create_time,pay_time,consign_time,end_time,close_time,comment_time,update_time FROM `order` WHERE id=?
16:11:09:841 DEBUG 4528 --- [http-nio-8085-exec-5] c.h.trade.mapper.OrderMapper.selectById  : ==> Parameters: 1654779387523936258(Long)
16:11:09:852 DEBUG 4528 --- [http-nio-8085-exec-5] c.h.trade.mapper.OrderMapper.selectById  : <==      Total: 1
16:11:12:624 DEBUG 4528 --- [http-nio-8085-exec-7] c.h.trade.mapper.OrderMapper.selectById  : ==>  Preparing: SELECT id,total_fee,payment_type,user_id,status,create_time,pay_time,consign_time,end_time,close_time,comment_time,update_time FROM `order` WHERE id=?
16:11:12:625 DEBUG 4528 --- [http-nio-8085-exec-7] c.h.trade.mapper.OrderMapper.selectById  : ==> Parameters: 1654779387523936258(Long)
16:11:12:626 DEBUG 4528 --- [http-nio-8085-exec-7] c.h.trade.mapper.OrderMapper.selectById  : <==      Total: 1
16:14:09:943 DEBUG 4528 --- [http-nio-8085-exec-3] c.h.trade.mapper.OrderMapper.selectById  : ==>  Preparing: SELECT id,total_fee,payment_type,user_id,status,create_time,pay_time,consign_time,end_time,close_time,comment_time,update_time FROM `order` WHERE id=?
16:14:09:943 DEBUG 4528 --- [http-nio-8085-exec-3] c.h.trade.mapper.OrderMapper.selectById  : ==> Parameters: 1654779387523936258(Long)
16:14:09:945 DEBUG 4528 --- [http-nio-8085-exec-3] c.h.trade.mapper.OrderMapper.selectById  : <==      Total: 1
16:14:11:142 DEBUG 4528 --- [http-nio-8085-exec-6] c.h.trade.mapper.OrderMapper.selectById  : ==>  Preparing: SELECT id,total_fee,payment_type,user_id,status,create_time,pay_time,consign_time,end_time,close_time,comment_time,update_time FROM `order` WHERE id=?
16:14:11:142 DEBUG 4528 --- [http-nio-8085-exec-6] c.h.trade.mapper.OrderMapper.selectById  : ==> Parameters: 1654779387523936258(Long)
16:14:11:144 DEBUG 4528 --- [http-nio-8085-exec-6] c.h.trade.mapper.OrderMapper.selectById  : <==      Total: 1
16:14:11:710 DEBUG 4528 --- [http-nio-8085-exec-10] c.h.trade.mapper.OrderMapper.selectById  : ==>  Preparing: SELECT id,total_fee,payment_type,user_id,status,create_time,pay_time,consign_time,end_time,close_time,comment_time,update_time FROM `order` WHERE id=?
16:14:11:710 DEBUG 4528 --- [http-nio-8085-exec-10] c.h.trade.mapper.OrderMapper.selectById  : ==> Parameters: 1654779387523936258(Long)
16:14:11:712 DEBUG 4528 --- [http-nio-8085-exec-10] c.h.trade.mapper.OrderMapper.selectById  : <==      Total: 1
16:14:11:869 DEBUG 4528 --- [http-nio-8085-exec-4] c.h.trade.mapper.OrderMapper.selectById  : ==>  Preparing: SELECT id,total_fee,payment_type,user_id,status,create_time,pay_time,consign_time,end_time,close_time,comment_time,update_time FROM `order` WHERE id=?
16:14:11:870 DEBUG 4528 --- [http-nio-8085-exec-4] c.h.trade.mapper.OrderMapper.selectById  : ==> Parameters: 1654779387523936258(Long)
16:14:11:872 DEBUG 4528 --- [http-nio-8085-exec-4] c.h.trade.mapper.OrderMapper.selectById  : <==      Total: 1
16:14:12:109 DEBUG 4528 --- [http-nio-8085-exec-9] c.h.trade.mapper.OrderMapper.selectById  : ==>  Preparing: SELECT id,total_fee,payment_type,user_id,status,create_time,pay_time,consign_time,end_time,close_time,comment_time,update_time FROM `order` WHERE id=?
16:14:12:109 DEBUG 4528 --- [http-nio-8085-exec-9] c.h.trade.mapper.OrderMapper.selectById  : ==> Parameters: 1654779387523936258(Long)
16:14:12:111 DEBUG 4528 --- [http-nio-8085-exec-9] c.h.trade.mapper.OrderMapper.selectById  : <==      Total: 1
16:14:12:548 DEBUG 4528 --- [http-nio-8085-exec-8] c.h.trade.mapper.OrderMapper.selectById  : ==>  Preparing: SELECT id,total_fee,payment_type,user_id,status,create_time,pay_time,consign_time,end_time,close_time,comment_time,update_time FROM `order` WHERE id=?
16:14:12:548 DEBUG 4528 --- [http-nio-8085-exec-8] c.h.trade.mapper.OrderMapper.selectById  : ==> Parameters: 1654779387523936258(Long)
16:14:12:549 DEBUG 4528 --- [http-nio-8085-exec-8] c.h.trade.mapper.OrderMapper.selectById  : <==      Total: 1
16:14:19:336 DEBUG 4528 --- [http-nio-8085-exec-4] c.h.trade.mapper.OrderMapper.selectById  : ==>  Preparing: SELECT id,total_fee,payment_type,user_id,status,create_time,pay_time,consign_time,end_time,close_time,comment_time,update_time FROM `order` WHERE id=?
16:14:19:336 DEBUG 4528 --- [http-nio-8085-exec-4] c.h.trade.mapper.OrderMapper.selectById  : ==> Parameters: 1654779387523936258(Long)
16:14:19:338 DEBUG 4528 --- [http-nio-8085-exec-4] c.h.trade.mapper.OrderMapper.selectById  : <==      Total: 1
17:04:37:056  WARN 4528 --- [Thread-4] c.a.nacos.common.notify.NotifyCenter     : [NotifyCenter] Start destroying Publisher
17:04:37:057  WARN 4528 --- [Thread-7] c.a.n.common.http.HttpClientBeanHolder   : [HttpClientBeanHolder] Start destroying common HttpClient
17:04:37:067  WARN 4528 --- [Thread-4] c.a.nacos.common.notify.NotifyCenter     : [NotifyCenter] Destruction of the end
17:04:37:078  WARN 4528 --- [Thread-7] c.a.n.common.http.HttpClientBeanHolder   : [HttpClientBeanHolder] Destruction of the end
17:04:37:388  INFO 4528 --- [SpringApplicationShutdownHook] c.a.c.n.registry.NacosServiceRegistry    : De-registering from Nacos Server now...
17:04:37:395  INFO 4528 --- [SpringApplicationShutdownHook] c.a.c.n.registry.NacosServiceRegistry    : De-registration finished.
17:04:37:705  INFO 4528 --- [SpringApplicationShutdownHook] com.alibaba.nacos.common.remote.client   : Shutdown rpc client, set status to shutdown
17:04:37:705  INFO 4528 --- [SpringApplicationShutdownHook] com.alibaba.nacos.common.remote.client   : Shutdown client event executor java.util.concurrent.ScheduledThreadPoolExecutor@28237fd[Running, pool size = 2, active threads = 2, queued tasks = 0, completed tasks = 0]
17:04:37:705  INFO 4528 --- [SpringApplicationShutdownHook] com.alibaba.nacos.common.remote.client   : Close current connection 1715498201106_192.168.150.1_1985
17:04:37:708  INFO 4528 --- [nacos-grpc-client-executor-1335] c.a.n.c.remote.client.grpc.GrpcClient    : [1715498201106_192.168.150.1_1985]Ignore complete event,isRunning:false,isAbandon=false
17:04:37:718  INFO 4528 --- [SpringApplicationShutdownHook] c.a.n.c.remote.client.grpc.GrpcClient    : Shutdown grpc executor java.util.concurrent.ThreadPoolExecutor@54ad2b74[Running, pool size = 5, active threads = 0, queued tasks = 0, completed tasks = 1336]
17:04:37:729  INFO 4528 --- [SpringApplicationShutdownHook] com.zaxxer.hikari.HikariDataSource       : HikariPool-1 - Shutdown initiated...
17:04:37:752  INFO 4528 --- [SpringApplicationShutdownHook] com.zaxxer.hikari.HikariDataSource       : HikariPool-1 - Shutdown completed.
